<?xml version="1.0" encoding="UTF-8"?>
<testng-results skipped="0" failed="0" ignored="0" total="1" passed="1">
  <reporter-output>
  </reporter-output>
  <suite name="Surefire suite" duration-ms="38" started-at="2022-03-04T15:44:09Z" finished-at="2022-03-04T15:44:09Z">
    <groups>
    </groups>
    <test name="Surefire test" duration-ms="38" started-at="2022-03-04T15:44:09Z" finished-at="2022-03-04T15:44:09Z">
      <class name="com.gmail.AppTest">
        <test-method status="PASS" signature="shouldAnswerWithTrue()" name="shouldAnswerWithTrue" duration-ms="0" started-at="2022-03-04T15:44:09Z" finished-at="2022-03-04T15:44:09Z">
          <reporter-output>
          </reporter-output>
        </test-method> <!-- shouldAnswerWithTrue -->
      </class> <!-- com.gmail.AppTest -->
    </test> <!-- Surefire test -->
  </suite> <!-- Surefire suite -->
</testng-results>
